[debug] [2021-09-07T17:11:37.877Z] ----------------------------------------------------------------------
[debug] [2021-09-07T17:11:37.881Z] Command:       /usr/local/bin/node /usr/local/bin/firebase emulators:start
[debug] [2021-09-07T17:11:37.881Z] CLI Version:   9.16.5
[debug] [2021-09-07T17:11:37.882Z] Platform:      linux
[debug] [2021-09-07T17:11:37.882Z] Node Version:  v14.17.6
[debug] [2021-09-07T17:11:37.882Z] Time:          Tue Sep 07 2021 22:41:37 GMT+0530 (India Standard Time)
[debug] [2021-09-07T17:11:37.883Z] ----------------------------------------------------------------------
[debug] 
[debug] [2021-09-07T17:11:37.996Z] > command requires scopes: ["email","openid","https://www.googleapis.com/auth/cloudplatformprojects.readonly","https://www.googleapis.com/auth/firebase","https://www.googleapis.com/auth/cloud-platform"]
[debug] [2021-09-07T17:11:37.997Z] > authorizing via signed-in user (dubeykumar62@gmail.com)
[info] i  emulators: Starting emulators: functions, hosting {"metadata":{"emulator":{"name":"hub"},"message":"Starting emulators: functions, hosting"}}
[warn] ⚠  emulators: It seems that you are running multiple instances of the emulator suite for project challenge-acf14. This may result in unexpected behavior. 
[debug] [2021-09-07T17:11:38.037Z] [hub] writing locator at /tmp/hub-challenge-acf14.json
[warn] ⚠  functions: The following emulators are not running, calls to these services from the Functions emulator will affect production: auth, firestore, database, pubsub, storage {"metadata":{"emulator":{"name":"functions"},"message":"The following emulators are not running, calls to these services from the Functions emulator will affect production: \u001b[1mauth, firestore, database, pubsub, storage\u001b[22m"}}
[info] ✔  functions: Using node@14 from host. {"metadata":{"emulator":{"name":"functions"},"message":"Using node@14 from host."}}
[debug] [2021-09-07T17:11:38.135Z] defaultcredentials: writing to file /home/manish/.config/firebase/dubeykumar62_gmail_com_application_default_credentials.json
[debug] [2021-09-07T17:11:38.142Z] Setting GAC to /home/manish/.config/firebase/dubeykumar62_gmail_com_application_default_credentials.json {"metadata":{"emulator":{"name":"functions"},"message":"Setting GAC to /home/manish/.config/firebase/dubeykumar62_gmail_com_application_default_credentials.json"}}
[debug] [2021-09-07T17:11:38.147Z] >>> [apiv2][query] GET https://firebase.googleapis.com/v1beta1/projects/challenge-acf14/adminSdkConfig [none]
[debug] [2021-09-07T17:11:39.001Z] <<< [apiv2][status] GET https://firebase.googleapis.com/v1beta1/projects/challenge-acf14/adminSdkConfig 200
[debug] [2021-09-07T17:11:39.001Z] <<< [apiv2][body] GET https://firebase.googleapis.com/v1beta1/projects/challenge-acf14/adminSdkConfig {"projectId":"challenge-acf14","storageBucket":"challenge-acf14.appspot.com","locationId":"asia-northeast2"}
[debug] [2021-09-07T17:11:39.063Z] >>> [apiv2][query] GET https://firebasehosting.googleapis.com/v1beta1/projects/challenge-acf14/sites 
[debug] [2021-09-07T17:11:41.463Z] <<< [apiv2][status] GET https://firebasehosting.googleapis.com/v1beta1/projects/challenge-acf14/sites 200
[debug] [2021-09-07T17:11:41.464Z] <<< [apiv2][body] GET https://firebasehosting.googleapis.com/v1beta1/projects/challenge-acf14/sites {"sites":[{"name":"projects/1096973805882/sites/challenge-acf14","defaultUrl":"https://challenge-acf14.web.app","appId":"1:1096973805882:web:79ea952be3004bbef1c803","type":"DEFAULT_SITE"}]}
[debug] [2021-09-07T17:11:41.466Z] >>> [apiv2][query] GET https://firebase.googleapis.com/v1beta1/projects/challenge-acf14/webApps/1:1096973805882:web:79ea952be3004bbef1c803/config [none]
[debug] [2021-09-07T17:11:43.245Z] <<< [apiv2][status] GET https://firebase.googleapis.com/v1beta1/projects/challenge-acf14/webApps/1:1096973805882:web:79ea952be3004bbef1c803/config 200
[debug] [2021-09-07T17:11:43.246Z] <<< [apiv2][body] GET https://firebase.googleapis.com/v1beta1/projects/challenge-acf14/webApps/1:1096973805882:web:79ea952be3004bbef1c803/config {"projectId":"challenge-acf14","appId":"1:1096973805882:web:79ea952be3004bbef1c803","storageBucket":"challenge-acf14.appspot.com","locationId":"asia-northeast2","apiKey":"AIzaSyClyFZKqp3WQES3h9IEqBz0zGhBd-xCnX0","authDomain":"challenge-acf14.firebaseapp.com","messagingSenderId":"1096973805882","measurementId":"G-390F7QLH2B"}
[info] i  hosting: Serving hosting files from: build {"metadata":{"emulator":{"name":"hosting"},"message":"Serving hosting files from: \u001b[1mbuild\u001b[22m"}}
[info] ✔  hosting: Local server: http://localhost:5000 {"metadata":{"emulator":{"name":"hosting"},"message":"Local server: \u001b[4m\u001b[1mhttp://localhost:5000\u001b[22m\u001b[24m"}}
[warn] ⚠  ui: Emulator UI unable to start on port 4000, starting on 4001 instead. {"metadata":{"emulator":{"name":"ui"},"message":"Emulator UI unable to start on port 4000, starting on 4001 instead."}}
[debug] [2021-09-07T17:11:43.368Z] Ignoring unsupported arg: auto_download {"metadata":{"emulator":{"name":"ui"},"message":"Ignoring unsupported arg: auto_download"}}
[debug] [2021-09-07T17:11:43.369Z] Ignoring unsupported arg: port {"metadata":{"emulator":{"name":"ui"},"message":"Ignoring unsupported arg: port"}}
[debug] [2021-09-07T17:11:43.369Z] Starting Emulator UI with command {"binary":"node","args":["/home/manish/.cache/firebase/emulators/ui-v1.6.2/server.bundle.js"],"optionalArgs":[],"joinArgs":false} {"metadata":{"emulator":{"name":"ui"},"message":"Starting Emulator UI with command {\"binary\":\"node\",\"args\":[\"/home/manish/.cache/firebase/emulators/ui-v1.6.2/server.bundle.js\"],\"optionalArgs\":[],\"joinArgs\":false}"}}
[info] i  ui: Emulator UI logging to ui-debug.log {"metadata":{"emulator":{"name":"ui"},"message":"Emulator UI logging to \u001b[1mui-debug.log\u001b[22m"}}
[debug] [2021-09-07T17:11:43.565Z] Debugger attached.
 {"metadata":{"emulator":{"name":"ui"},"message":"Debugger attached.\n"}}
[debug] [2021-09-07T17:11:43.730Z] Web / API server started at localhost:4001
 {"metadata":{"emulator":{"name":"ui"},"message":"Web / API server started at localhost:4001\n"}}
[info] i  functions: Watching "/home/manish/Amazon/amzon-clone/functions" for Cloud Functions... {"metadata":{"emulator":{"name":"functions"},"message":"Watching \"/home/manish/Amazon/amzon-clone/functions\" for Cloud Functions..."}}
[debug] [2021-09-07T17:11:43.939Z] [worker-pool] addWorker(~diagnostic~) {"metadata":{"emulator":{"name":"functions"},"message":"[worker-pool] addWorker(~diagnostic~)"}}
[debug] [2021-09-07T17:11:43.942Z] [worker-pool] Adding worker with key ~diagnostic~, total=1 {"metadata":{"emulator":{"name":"functions"},"message":"[worker-pool] Adding worker with key ~diagnostic~, total=1"}}
[debug] [2021-09-07T17:11:43.943Z] [worker-pool] submitWork(triggerId=) {"metadata":{"emulator":{"name":"functions"},"message":"[worker-pool] submitWork(triggerId=)"}}
[debug] [2021-09-07T17:11:43.944Z] [worker-~diagnostic~-45210bf0-9a04-4d19-9a8d-0e6a9e49c304]: Assigning socketPath: /tmp/fire_emu_9085.sock {"metadata":{"emulator":{"name":"functions"},"message":"[worker-~diagnostic~-45210bf0-9a04-4d19-9a8d-0e6a9e49c304]: Assigning socketPath: /tmp/fire_emu_9085.sock"}}
[debug] [2021-09-07T17:11:43.946Z] [worker-~diagnostic~-45210bf0-9a04-4d19-9a8d-0e6a9e49c304]: BUSY {"metadata":{"emulator":{"name":"functions"},"message":"[worker-~diagnostic~-45210bf0-9a04-4d19-9a8d-0e6a9e49c304]: BUSY"}}
[info] >  Debugger attached. {"user":"Debugger attached.","metadata":{"emulator":{"name":"functions"},"message":"\u001b[90m> \u001b[39m Debugger attached."}}
[debug] [2021-09-07T17:11:44.783Z] [runtime-status] [9085] Functions runtime initialized. {"cwd":"/home/manish/Amazon/amzon-clone/functions","node_version":"14.17.6"} {"metadata":{"emulator":{"name":"functions"},"message":"[runtime-status] [9085] Functions runtime initialized. {\"cwd\":\"/home/manish/Amazon/amzon-clone/functions\",\"node_version\":\"14.17.6\"}"}}
[debug] [2021-09-07T17:11:44.792Z] [runtime-status] [9085] Disabled runtime features: undefined {"metadata":{"emulator":{"name":"functions"},"message":"[runtime-status] [9085] Disabled runtime features: undefined"}}
[debug] [2021-09-07T17:11:44.797Z] [runtime-status] [9085] Resolved module firebase-admin {"declared":true,"installed":true,"version":"9.11.1","resolution":"/home/manish/Amazon/amzon-clone/functions/node_modules/firebase-admin/lib/index.js"} {"metadata":{"emulator":{"name":"functions"},"message":"[runtime-status] [9085] Resolved module firebase-admin {\"declared\":true,\"installed\":true,\"version\":\"9.11.1\",\"resolution\":\"/home/manish/Amazon/amzon-clone/functions/node_modules/firebase-admin/lib/index.js\"}"}}
[debug] [2021-09-07T17:11:44.806Z] [runtime-status] [9085] Resolved module firebase-functions {"declared":true,"installed":true,"version":"3.15.4","resolution":"/home/manish/Amazon/amzon-clone/functions/node_modules/firebase-functions/lib/index.js"} {"metadata":{"emulator":{"name":"functions"},"message":"[runtime-status] [9085] Resolved module firebase-functions {\"declared\":true,\"installed\":true,\"version\":\"3.15.4\",\"resolution\":\"/home/manish/Amazon/amzon-clone/functions/node_modules/firebase-functions/lib/index.js\"}"}}
[debug] [2021-09-07T17:11:44.810Z] [runtime-status] [9085] Resolved module firebase-functions {"declared":true,"installed":true,"version":"3.15.4","resolution":"/home/manish/Amazon/amzon-clone/functions/node_modules/firebase-functions/lib/index.js"} {"metadata":{"emulator":{"name":"functions"},"message":"[runtime-status] [9085] Resolved module firebase-functions {\"declared\":true,\"installed\":true,\"version\":\"3.15.4\",\"resolution\":\"/home/manish/Amazon/amzon-clone/functions/node_modules/firebase-functions/lib/index.js\"}"}}
[debug] [2021-09-07T17:11:44.816Z] [runtime-status] [9085] Outgoing network have been stubbed. [{"name":"http","status":"mocked"},{"name":"http","status":"mocked"},{"name":"https","status":"mocked"},{"name":"https","status":"mocked"},{"name":"net","status":"mocked"}] {"metadata":{"emulator":{"name":"functions"},"message":"[runtime-status] [9085] Outgoing network have been stubbed. [{\"name\":\"http\",\"status\":\"mocked\"},{\"name\":\"http\",\"status\":\"mocked\"},{\"name\":\"https\",\"status\":\"mocked\"},{\"name\":\"https\",\"status\":\"mocked\"},{\"name\":\"net\",\"status\":\"mocked\"}]"}}
[debug] [2021-09-07T17:11:44.818Z] [runtime-status] [9085] Resolved module firebase-functions {"declared":true,"installed":true,"version":"3.15.4","resolution":"/home/manish/Amazon/amzon-clone/functions/node_modules/firebase-functions/lib/index.js"} {"metadata":{"emulator":{"name":"functions"},"message":"[runtime-status] [9085] Resolved module firebase-functions {\"declared\":true,\"installed\":true,\"version\":\"3.15.4\",\"resolution\":\"/home/manish/Amazon/amzon-clone/functions/node_modules/firebase-functions/lib/index.js\"}"}}
[debug] [2021-09-07T17:11:44.891Z] [runtime-status] [9085] Checked functions.config() {"config":{}} {"metadata":{"emulator":{"name":"functions"},"message":"[runtime-status] [9085] Checked functions.config() {\"config\":{}}"}}
[debug] [2021-09-07T17:11:44.891Z] [runtime-status] [9085] firebase-functions has been stubbed. {"functionsResolution":{"declared":true,"installed":true,"version":"3.15.4","resolution":"/home/manish/Amazon/amzon-clone/functions/node_modules/firebase-functions/lib/index.js"}} {"metadata":{"emulator":{"name":"functions"},"message":"[runtime-status] [9085] firebase-functions has been stubbed. {\"functionsResolution\":{\"declared\":true,\"installed\":true,\"version\":\"3.15.4\",\"resolution\":\"/home/manish/Amazon/amzon-clone/functions/node_modules/firebase-functions/lib/index.js\"}}"}}
[debug] [2021-09-07T17:11:44.893Z] [runtime-status] [9085] Resolved module firebase-functions {"declared":true,"installed":true,"version":"3.15.4","resolution":"/home/manish/Amazon/amzon-clone/functions/node_modules/firebase-functions/lib/index.js"} {"metadata":{"emulator":{"name":"functions"},"message":"[runtime-status] [9085] Resolved module firebase-functions {\"declared\":true,\"installed\":true,\"version\":\"3.15.4\",\"resolution\":\"/home/manish/Amazon/amzon-clone/functions/node_modules/firebase-functions/lib/index.js\"}"}}
[debug] [2021-09-07T17:11:44.895Z] [runtime-status] [9085] Resolved module firebase-admin {"declared":true,"installed":true,"version":"9.11.1","resolution":"/home/manish/Amazon/amzon-clone/functions/node_modules/firebase-admin/lib/index.js"} {"metadata":{"emulator":{"name":"functions"},"message":"[runtime-status] [9085] Resolved module firebase-admin {\"declared\":true,\"installed\":true,\"version\":\"9.11.1\",\"resolution\":\"/home/manish/Amazon/amzon-clone/functions/node_modules/firebase-admin/lib/index.js\"}"}}
[debug] [2021-09-07T17:11:44.895Z] [runtime-status] [9085] Resolved module firebase-functions {"declared":true,"installed":true,"version":"3.15.4","resolution":"/home/manish/Amazon/amzon-clone/functions/node_modules/firebase-functions/lib/index.js"} {"metadata":{"emulator":{"name":"functions"},"message":"[runtime-status] [9085] Resolved module firebase-functions {\"declared\":true,\"installed\":true,\"version\":\"3.15.4\",\"resolution\":\"/home/manish/Amazon/amzon-clone/functions/node_modules/firebase-functions/lib/index.js\"}"}}
[debug] [2021-09-07T17:11:44.896Z] [runtime-status] [9085] firebase-admin has been stubbed. {"adminResolution":{"declared":true,"installed":true,"version":"9.11.1","resolution":"/home/manish/Amazon/amzon-clone/functions/node_modules/firebase-admin/lib/index.js"}} {"metadata":{"emulator":{"name":"functions"},"message":"[runtime-status] [9085] firebase-admin has been stubbed. {\"adminResolution\":{\"declared\":true,\"installed\":true,\"version\":\"9.11.1\",\"resolution\":\"/home/manish/Amazon/amzon-clone/functions/node_modules/firebase-admin/lib/index.js\"}}"}}
[info] ✔  functions[us-central1-api]: http function initialized (http://localhost:5001/challenge-acf14/us-central1/api). {"metadata":{"emulator":{"name":"functions"},"message":"\u001b[1mhttp\u001b[22m function initialized (http://localhost:5001/challenge-acf14/us-central1/api)."}}
[info] 
┌─────────────────────────────────────────────────────────────┐
│ ✔  All emulators ready! It is now safe to connect your app. │
│ i  View Emulator UI at http://localhost:4001                │
└─────────────────────────────────────────────────────────────┘

┌───────────┬────────────────┬─────────────────────────────────┐
│ Emulator  │ Host:Port      │ View in Emulator UI             │
├───────────┼────────────────┼─────────────────────────────────┤
│ Functions │ localhost:5001 │ http://localhost:4001/functions │
├───────────┼────────────────┼─────────────────────────────────┤
│ Hosting   │ localhost:5000 │ n/a                             │
└───────────┴────────────────┴─────────────────────────────────┘
  Emulator Hub running at localhost:4400
  Other reserved ports: 4500

Issues? Report them at https://github.com/firebase/firebase-tools/issues and attach the *-debug.log files.
 
[debug] [2021-09-07T17:11:45.064Z] [worker-~diagnostic~-45210bf0-9a04-4d19-9a8d-0e6a9e49c304]: IDLE {"metadata":{"emulator":{"name":"functions"},"message":"[worker-~diagnostic~-45210bf0-9a04-4d19-9a8d-0e6a9e49c304]: IDLE"}}
[debug] [2021-09-07T17:54:36.053Z] [work-queue] {"queueLength":1,"workRunningCount":0}
[debug] [2021-09-07T17:54:36.054Z] [work-queue] {"queueLength":0,"workRunningCount":1}
[debug] [2021-09-07T17:54:36.055Z] Accepted request POST /challenge-acf14/us-central1/api/payments/create?total=25096 --> us-central1-api
[debug] [2021-09-07T17:54:36.062Z] [worker-pool] addWorker(us-central1-api) {"metadata":{"emulator":{"name":"functions"},"message":"[worker-pool] addWorker(us-central1-api)"}}
[debug] [2021-09-07T17:54:36.063Z] [worker-pool] Adding worker with key us-central1-api, total=1 {"metadata":{"emulator":{"name":"functions"},"message":"[worker-pool] Adding worker with key us-central1-api, total=1"}}
[debug] [2021-09-07T17:54:36.063Z] [worker-pool] submitWork(triggerId=us-central1-api) {"metadata":{"emulator":{"name":"functions"},"message":"[worker-pool] submitWork(triggerId=us-central1-api)"}}
[debug] [2021-09-07T17:54:36.063Z] [worker-us-central1-api-7048908d-4e27-4ead-9d35-09d888ad21fa]: Assigning socketPath: /tmp/fire_emu_11909.sock {"metadata":{"emulator":{"name":"functions"},"message":"[worker-us-central1-api-7048908d-4e27-4ead-9d35-09d888ad21fa]: Assigning socketPath: /tmp/fire_emu_11909.sock"}}
[debug] [2021-09-07T17:54:36.063Z] [worker-us-central1-api-7048908d-4e27-4ead-9d35-09d888ad21fa]: BUSY {"metadata":{"emulator":{"name":"functions"},"message":"[worker-us-central1-api-7048908d-4e27-4ead-9d35-09d888ad21fa]: BUSY"}}
[info] >  Debugger attached. {"user":"Debugger attached.","metadata":{"emulator":{"name":"functions"},"function":{"name":"us-central1-api"},"message":"\u001b[90m> \u001b[39m Debugger attached."}}
[debug] [2021-09-07T17:54:37.186Z] [runtime-status] [11909] Functions runtime initialized. {"cwd":"/home/manish/Amazon/amzon-clone/functions","node_version":"14.17.6"} {"metadata":{"emulator":{"name":"functions"},"function":{"name":"us-central1-api"},"message":"[runtime-status] [11909] Functions runtime initialized. {\"cwd\":\"/home/manish/Amazon/amzon-clone/functions\",\"node_version\":\"14.17.6\"}"}}
[debug] [2021-09-07T17:54:37.194Z] [runtime-status] [11909] Disabled runtime features: undefined {"metadata":{"emulator":{"name":"functions"},"function":{"name":"us-central1-api"},"message":"[runtime-status] [11909] Disabled runtime features: undefined"}}
[debug] [2021-09-07T17:54:37.195Z] [runtime-status] [11909] Resolved module firebase-admin {"declared":true,"installed":true,"version":"9.11.1","resolution":"/home/manish/Amazon/amzon-clone/functions/node_modules/firebase-admin/lib/index.js"} {"metadata":{"emulator":{"name":"functions"},"function":{"name":"us-central1-api"},"message":"[runtime-status] [11909] Resolved module firebase-admin {\"declared\":true,\"installed\":true,\"version\":\"9.11.1\",\"resolution\":\"/home/manish/Amazon/amzon-clone/functions/node_modules/firebase-admin/lib/index.js\"}"}}
[debug] [2021-09-07T17:54:37.202Z] [runtime-status] [11909] Resolved module firebase-functions {"declared":true,"installed":true,"version":"3.15.4","resolution":"/home/manish/Amazon/amzon-clone/functions/node_modules/firebase-functions/lib/index.js"} {"metadata":{"emulator":{"name":"functions"},"function":{"name":"us-central1-api"},"message":"[runtime-status] [11909] Resolved module firebase-functions {\"declared\":true,\"installed\":true,\"version\":\"3.15.4\",\"resolution\":\"/home/manish/Amazon/amzon-clone/functions/node_modules/firebase-functions/lib/index.js\"}"}}
[debug] [2021-09-07T17:54:37.205Z] [runtime-status] [11909] Resolved module firebase-functions {"declared":true,"installed":true,"version":"3.15.4","resolution":"/home/manish/Amazon/amzon-clone/functions/node_modules/firebase-functions/lib/index.js"} {"metadata":{"emulator":{"name":"functions"},"function":{"name":"us-central1-api"},"message":"[runtime-status] [11909] Resolved module firebase-functions {\"declared\":true,\"installed\":true,\"version\":\"3.15.4\",\"resolution\":\"/home/manish/Amazon/amzon-clone/functions/node_modules/firebase-functions/lib/index.js\"}"}}
[debug] [2021-09-07T17:54:37.216Z] [runtime-status] [11909] Outgoing network have been stubbed. [{"name":"http","status":"mocked"},{"name":"http","status":"mocked"},{"name":"https","status":"mocked"},{"name":"https","status":"mocked"},{"name":"net","status":"mocked"}] {"metadata":{"emulator":{"name":"functions"},"function":{"name":"us-central1-api"},"message":"[runtime-status] [11909] Outgoing network have been stubbed. [{\"name\":\"http\",\"status\":\"mocked\"},{\"name\":\"http\",\"status\":\"mocked\"},{\"name\":\"https\",\"status\":\"mocked\"},{\"name\":\"https\",\"status\":\"mocked\"},{\"name\":\"net\",\"status\":\"mocked\"}]"}}
[debug] [2021-09-07T17:54:37.217Z] [runtime-status] [11909] Resolved module firebase-functions {"declared":true,"installed":true,"version":"3.15.4","resolution":"/home/manish/Amazon/amzon-clone/functions/node_modules/firebase-functions/lib/index.js"} {"metadata":{"emulator":{"name":"functions"},"function":{"name":"us-central1-api"},"message":"[runtime-status] [11909] Resolved module firebase-functions {\"declared\":true,\"installed\":true,\"version\":\"3.15.4\",\"resolution\":\"/home/manish/Amazon/amzon-clone/functions/node_modules/firebase-functions/lib/index.js\"}"}}
[debug] [2021-09-07T17:54:37.289Z] [runtime-status] [11909] Checked functions.config() {"config":{}} {"metadata":{"emulator":{"name":"functions"},"function":{"name":"us-central1-api"},"message":"[runtime-status] [11909] Checked functions.config() {\"config\":{}}"}}
[debug] [2021-09-07T17:54:37.290Z] [runtime-status] [11909] firebase-functions has been stubbed. {"functionsResolution":{"declared":true,"installed":true,"version":"3.15.4","resolution":"/home/manish/Amazon/amzon-clone/functions/node_modules/firebase-functions/lib/index.js"}} {"metadata":{"emulator":{"name":"functions"},"function":{"name":"us-central1-api"},"message":"[runtime-status] [11909] firebase-functions has been stubbed. {\"functionsResolution\":{\"declared\":true,\"installed\":true,\"version\":\"3.15.4\",\"resolution\":\"/home/manish/Amazon/amzon-clone/functions/node_modules/firebase-functions/lib/index.js\"}}"}}
[debug] [2021-09-07T17:54:37.291Z] [runtime-status] [11909] Resolved module firebase-functions {"declared":true,"installed":true,"version":"3.15.4","resolution":"/home/manish/Amazon/amzon-clone/functions/node_modules/firebase-functions/lib/index.js"} {"metadata":{"emulator":{"name":"functions"},"function":{"name":"us-central1-api"},"message":"[runtime-status] [11909] Resolved module firebase-functions {\"declared\":true,\"installed\":true,\"version\":\"3.15.4\",\"resolution\":\"/home/manish/Amazon/amzon-clone/functions/node_modules/firebase-functions/lib/index.js\"}"}}
[debug] [2021-09-07T17:54:37.293Z] [runtime-status] [11909] Resolved module firebase-admin {"declared":true,"installed":true,"version":"9.11.1","resolution":"/home/manish/Amazon/amzon-clone/functions/node_modules/firebase-admin/lib/index.js"} {"metadata":{"emulator":{"name":"functions"},"function":{"name":"us-central1-api"},"message":"[runtime-status] [11909] Resolved module firebase-admin {\"declared\":true,\"installed\":true,\"version\":\"9.11.1\",\"resolution\":\"/home/manish/Amazon/amzon-clone/functions/node_modules/firebase-admin/lib/index.js\"}"}}
[debug] [2021-09-07T17:54:37.293Z] [runtime-status] [11909] Resolved module firebase-functions {"declared":true,"installed":true,"version":"3.15.4","resolution":"/home/manish/Amazon/amzon-clone/functions/node_modules/firebase-functions/lib/index.js"} {"metadata":{"emulator":{"name":"functions"},"function":{"name":"us-central1-api"},"message":"[runtime-status] [11909] Resolved module firebase-functions {\"declared\":true,\"installed\":true,\"version\":\"3.15.4\",\"resolution\":\"/home/manish/Amazon/amzon-clone/functions/node_modules/firebase-functions/lib/index.js\"}"}}
[debug] [2021-09-07T17:54:37.294Z] [runtime-status] [11909] firebase-admin has been stubbed. {"adminResolution":{"declared":true,"installed":true,"version":"9.11.1","resolution":"/home/manish/Amazon/amzon-clone/functions/node_modules/firebase-admin/lib/index.js"}} {"metadata":{"emulator":{"name":"functions"},"function":{"name":"us-central1-api"},"message":"[runtime-status] [11909] firebase-admin has been stubbed. {\"adminResolution\":{\"declared\":true,\"installed\":true,\"version\":\"9.11.1\",\"resolution\":\"/home/manish/Amazon/amzon-clone/functions/node_modules/firebase-admin/lib/index.js\"}}"}}
[debug] [2021-09-07T17:54:37.470Z] [runtime-status] [11909] Trigger "us-central1-api" has been found, beginning invocation! {"metadata":{"emulator":{"name":"functions"},"function":{"name":"us-central1-api"},"message":"[runtime-status] [11909] Trigger \"us-central1-api\" has been found, beginning invocation!"}}
[info] i  functions: Beginning execution of "us-central1-api" {"metadata":{"emulator":{"name":"functions"},"function":{"name":"us-central1-api"},"message":"Beginning execution of \"us-central1-api\""}}
[debug] [2021-09-07T17:54:37.474Z] [runtime-status] [11909] triggerDefinition {"httpsTrigger":{},"name":"api","entryPoint":"api","regions":["us-central1"],"region":"us-central1","id":"us-central1-api"} {"metadata":{"emulator":{"name":"functions"},"function":{"name":"us-central1-api"},"message":"[runtime-status] [11909] triggerDefinition {\"httpsTrigger\":{},\"name\":\"api\",\"entryPoint\":\"api\",\"regions\":[\"us-central1\"],\"region\":\"us-central1\",\"id\":\"us-central1-api\"}"}}
[debug] [2021-09-07T17:54:37.474Z] [runtime-status] [11909] Running us-central1-api in mode HTTPS {"metadata":{"emulator":{"name":"functions"},"function":{"name":"us-central1-api"},"message":"[runtime-status] [11909] Running us-central1-api in mode HTTPS"}}
[debug] [2021-09-07T17:54:37.478Z] [runtime-status] [11909] Attempting to listen to socketPath: /tmp/fire_emu_11909.sock {"metadata":{"emulator":{"name":"functions"},"function":{"name":"us-central1-api"},"message":"[runtime-status] [11909] Attempting to listen to socketPath: /tmp/fire_emu_11909.sock"}}
[debug] [2021-09-07T17:54:37.482Z] [functions] Runtime ready! Sending request! {"metadata":{"emulator":{"name":"functions"},"message":"[functions] Runtime ready! Sending request!"}}
[debug] [2021-09-07T17:54:37.483Z] [functions] Got req.url=/challenge-acf14/us-central1/api/payments/create?total=25096, mapping to path=/payments/create?total=25096 {"metadata":{"emulator":{"name":"functions"},"message":"[functions] Got req.url=/challenge-acf14/us-central1/api/payments/create?total=25096, mapping to path=/payments/create?total=25096"}}
[debug] [2021-09-07T17:54:37.496Z] [runtime-status] [11909] Ephemeral server handling POST request {"metadata":{"emulator":{"name":"functions"},"function":{"name":"us-central1-api"},"message":"[runtime-status] [11909] Ephemeral server handling POST request"}}
[info] >  Payment Request Recieved BOOM!!! for this amount >>>  25096 {"user":"Payment Request Recieved BOOM!!! for this amount >>>  25096","metadata":{"emulator":{"name":"functions"},"function":{"name":"us-central1-api"},"message":"\u001b[90m> \u001b[39m Payment Request Recieved BOOM!!! for this amount >>>  25096"}}
[debug] [2021-09-07T17:54:37.523Z] [runtime-status] [11909] Ephemeral server survived. {"metadata":{"emulator":{"name":"functions"},"function":{"name":"us-central1-api"},"message":"[runtime-status] [11909] Ephemeral server survived."}}
[info] i  functions: Finished "us-central1-api" in ~1s {"metadata":{"emulator":{"name":"functions"},"function":{"name":"us-central1-api"},"message":"Finished \"us-central1-api\" in ~1s"}}
[debug] [2021-09-07T17:54:38.483Z] [worker-us-central1-api-7048908d-4e27-4ead-9d35-09d888ad21fa]: IDLE {"metadata":{"emulator":{"name":"functions"},"message":"[worker-us-central1-api-7048908d-4e27-4ead-9d35-09d888ad21fa]: IDLE"}}
[debug] [2021-09-07T17:54:38.484Z] [work-queue] {"queueLength":0,"workRunningCount":0}
[debug] [2021-09-07T17:54:53.491Z] [work-queue] {"queueLength":1,"workRunningCount":0}
[debug] [2021-09-07T17:54:53.492Z] [work-queue] {"queueLength":0,"workRunningCount":1}
[debug] [2021-09-07T17:54:53.492Z] Accepted request POST /challenge-acf14/us-central1/api/payments/create?total=0 --> us-central1-api
[debug] [2021-09-07T17:54:53.492Z] [worker-pool] submitWork(triggerId=us-central1-api) {"metadata":{"emulator":{"name":"functions"},"message":"[worker-pool] submitWork(triggerId=us-central1-api)"}}
[debug] [2021-09-07T17:54:53.493Z] [worker-us-central1-api-7048908d-4e27-4ead-9d35-09d888ad21fa]: Assigning socketPath: /tmp/fire_emu_11909.sock {"metadata":{"emulator":{"name":"functions"},"message":"[worker-us-central1-api-7048908d-4e27-4ead-9d35-09d888ad21fa]: Assigning socketPath: /tmp/fire_emu_11909.sock"}}
[debug] [2021-09-07T17:54:53.493Z] [worker-us-central1-api-7048908d-4e27-4ead-9d35-09d888ad21fa]: BUSY {"metadata":{"emulator":{"name":"functions"},"message":"[worker-us-central1-api-7048908d-4e27-4ead-9d35-09d888ad21fa]: BUSY"}}
[debug] [2021-09-07T17:54:53.496Z] [runtime-status] [11909] Trigger "us-central1-api" has been found, beginning invocation! {"metadata":{"emulator":{"name":"functions"},"function":{"name":"us-central1-api"},"message":"[runtime-status] [11909] Trigger \"us-central1-api\" has been found, beginning invocation!"}}
[info] i  functions: Beginning execution of "us-central1-api" {"metadata":{"emulator":{"name":"functions"},"function":{"name":"us-central1-api"},"message":"Beginning execution of \"us-central1-api\""}}
[debug] [2021-09-07T17:54:53.497Z] [runtime-status] [11909] triggerDefinition {"httpsTrigger":{},"name":"api","entryPoint":"api","regions":["us-central1"],"region":"us-central1","id":"us-central1-api"} {"metadata":{"emulator":{"name":"functions"},"function":{"name":"us-central1-api"},"message":"[runtime-status] [11909] triggerDefinition {\"httpsTrigger\":{},\"name\":\"api\",\"entryPoint\":\"api\",\"regions\":[\"us-central1\"],\"region\":\"us-central1\",\"id\":\"us-central1-api\"}"}}
[debug] [2021-09-07T17:54:53.497Z] [runtime-status] [11909] Running us-central1-api in mode HTTPS {"metadata":{"emulator":{"name":"functions"},"function":{"name":"us-central1-api"},"message":"[runtime-status] [11909] Running us-central1-api in mode HTTPS"}}
[debug] [2021-09-07T17:54:53.498Z] [runtime-status] [11909] Attempting to listen to socketPath: /tmp/fire_emu_11909.sock {"metadata":{"emulator":{"name":"functions"},"function":{"name":"us-central1-api"},"message":"[runtime-status] [11909] Attempting to listen to socketPath: /tmp/fire_emu_11909.sock"}}
[debug] [2021-09-07T17:54:53.499Z] [functions] Runtime ready! Sending request! {"metadata":{"emulator":{"name":"functions"},"message":"[functions] Runtime ready! Sending request!"}}
[debug] [2021-09-07T17:54:53.500Z] [functions] Got req.url=/challenge-acf14/us-central1/api/payments/create?total=0, mapping to path=/payments/create?total=0 {"metadata":{"emulator":{"name":"functions"},"message":"[functions] Got req.url=/challenge-acf14/us-central1/api/payments/create?total=0, mapping to path=/payments/create?total=0"}}
[debug] [2021-09-07T17:54:53.510Z] [runtime-status] [11909] Ephemeral server handling POST request {"metadata":{"emulator":{"name":"functions"},"function":{"name":"us-central1-api"},"message":"[runtime-status] [11909] Ephemeral server handling POST request"}}
[info] >  Payment Request Recieved BOOM!!! for this amount >>>  0 {"user":"Payment Request Recieved BOOM!!! for this amount >>>  0","metadata":{"emulator":{"name":"functions"},"function":{"name":"us-central1-api"},"message":"\u001b[90m> \u001b[39m Payment Request Recieved BOOM!!! for this amount >>>  0"}}
[debug] [2021-09-07T17:54:53.516Z] [runtime-status] [11909] Ephemeral server survived. {"metadata":{"emulator":{"name":"functions"},"function":{"name":"us-central1-api"},"message":"[runtime-status] [11909] Ephemeral server survived."}}
[info] >  (node:11909) UnhandledPromiseRejectionWarning: Error: This value must be greater than or equal to 1. {"user":"(node:11909) UnhandledPromiseRejectionWarning: Error: This value must be greater than or equal to 1.","metadata":{"emulator":{"name":"functions"},"function":{"name":"us-central1-api"},"message":"\u001b[90m> \u001b[39m (node:11909) UnhandledPromiseRejectionWarning: Error: This value must be greater than or equal to 1."}}
[info] >      at Function.generate (/home/manish/Amazon/amzon-clone/functions/node_modules/stripe/lib/Error.js:40:16) {"user":"    at Function.generate (/home/manish/Amazon/amzon-clone/functions/node_modules/stripe/lib/Error.js:40:16)","metadata":{"emulator":{"name":"functions"},"function":{"name":"us-central1-api"},"message":"\u001b[90m> \u001b[39m     at Function.generate (/home/manish/Amazon/amzon-clone/functions/node_modules/stripe/lib/Error.js:40:16)"}}
[info] >      at res.toJSON.then.StripeAPIError.message (/home/manish/Amazon/amzon-clone/functions/node_modules/stripe/lib/StripeResource.js:220:35) {"user":"    at res.toJSON.then.StripeAPIError.message (/home/manish/Amazon/amzon-clone/functions/node_modules/stripe/lib/StripeResource.js:220:35)","metadata":{"emulator":{"name":"functions"},"function":{"name":"us-central1-api"},"message":"\u001b[90m> \u001b[39m     at res.toJSON.then.StripeAPIError.message (/home/manish/Amazon/amzon-clone/functions/node_modules/stripe/lib/StripeResource.js:220:35)"}}
[info] >      at processTicksAndRejections (internal/process/task_queues.js:95:5) {"user":"    at processTicksAndRejections (internal/process/task_queues.js:95:5)","metadata":{"emulator":{"name":"functions"},"function":{"name":"us-central1-api"},"message":"\u001b[90m> \u001b[39m     at processTicksAndRejections (internal/process/task_queues.js:95:5)"}}
[info] >  (Use `node --trace-warnings ...` to show where the warning was created) {"user":"(Use `node --trace-warnings ...` to show where the warning was created)","metadata":{"emulator":{"name":"functions"},"function":{"name":"us-central1-api"},"message":"\u001b[90m> \u001b[39m (Use `node --trace-warnings ...` to show where the warning was created)"}}
[info] >  (node:11909) UnhandledPromiseRejectionWarning: Unhandled promise rejection. This error originated either by throwing inside of an async function without a catch block, or by rejecting a promise which was not handled with .catch(). To terminate the node process on unhandled promise rejection, use the CLI flag `--unhandled-rejections=strict` (see https://nodejs.org/api/cli.html#cli_unhandled_rejections_mode). (rejection id: 1) {"user":"(node:11909) UnhandledPromiseRejectionWarning: Unhandled promise rejection. This error originated either by throwing inside of an async function without a catch block, or by rejecting a promise which was not handled with .catch(). To terminate the node process on unhandled promise rejection, use the CLI flag `--unhandled-rejections=strict` (see https://nodejs.org/api/cli.html#cli_unhandled_rejections_mode). (rejection id: 1)","metadata":{"emulator":{"name":"functions"},"function":{"name":"us-central1-api"},"message":"\u001b[90m> \u001b[39m (node:11909) UnhandledPromiseRejectionWarning: Unhandled promise rejection. This error originated either by throwing inside of an async function without a catch block, or by rejecting a promise which was not handled with .catch(). To terminate the node process on unhandled promise rejection, use the CLI flag `--unhandled-rejections=strict` (see https://nodejs.org/api/cli.html#cli_unhandled_rejections_mode). (rejection id: 1)"}}
[info] >  (node:11909) [DEP0018] DeprecationWarning: Unhandled promise rejections are deprecated. In the future, promise rejections that are not handled will terminate the Node.js process with a non-zero exit code. {"user":"(node:11909) [DEP0018] DeprecationWarning: Unhandled promise rejections are deprecated. In the future, promise rejections that are not handled will terminate the Node.js process with a non-zero exit code.","metadata":{"emulator":{"name":"functions"},"function":{"name":"us-central1-api"},"message":"\u001b[90m> \u001b[39m (node:11909) [DEP0018] DeprecationWarning: Unhandled promise rejections are deprecated. In the future, promise rejections that are not handled will terminate the Node.js process with a non-zero exit code."}}
[warn] ⚠  functions: Your function timed out after ~60s. To configure this timeout, see
      https://firebase.google.com/docs/functions/manage-functions#set_timeout_and_memory_allocation. {"metadata":{"emulator":{"name":"functions"},"function":{"name":"us-central1-api"},"message":"Your function timed out after ~60s. To configure this timeout, see\n      https://firebase.google.com/docs/functions/manage-functions#set_timeout_and_memory_allocation."}}
[info] >  Waiting for the debugger to disconnect... {"user":"Waiting for the debugger to disconnect...","metadata":{"emulator":{"name":"functions"},"function":{"name":"us-central1-api"},"message":"\u001b[90m> \u001b[39m Waiting for the debugger to disconnect..."}}
[info] >  /usr/local/lib/node_modules/firebase-tools/lib/emulator/functionsEmulatorRuntime.js:679 {"user":"/usr/local/lib/node_modules/firebase-tools/lib/emulator/functionsEmulatorRuntime.js:679","metadata":{"emulator":{"name":"functions"},"function":{"name":"us-central1-api"},"message":"\u001b[90m> \u001b[39m /usr/local/lib/node_modules/firebase-tools/lib/emulator/functionsEmulatorRuntime.js:679"}}
[info] >              throw new Error("Function timed out."); {"user":"            throw new Error(\"Function timed out.\");","metadata":{"emulator":{"name":"functions"},"function":{"name":"us-central1-api"},"message":"\u001b[90m> \u001b[39m             throw new Error(\"Function timed out.\");"}}
[info] >              ^ {"user":"            ^","metadata":{"emulator":{"name":"functions"},"function":{"name":"us-central1-api"},"message":"\u001b[90m> \u001b[39m             ^"}}
[info] >   {"user":"","metadata":{"emulator":{"name":"functions"},"function":{"name":"us-central1-api"},"message":"\u001b[90m> \u001b[39m "}}
[info] >  Error: Function timed out. {"user":"Error: Function timed out.","metadata":{"emulator":{"name":"functions"},"function":{"name":"us-central1-api"},"message":"\u001b[90m> \u001b[39m Error: Function timed out."}}
[info] >      at Timeout._onTimeout (/usr/local/lib/node_modules/firebase-tools/lib/emulator/functionsEmulatorRuntime.js:679:19) {"user":"    at Timeout._onTimeout (/usr/local/lib/node_modules/firebase-tools/lib/emulator/functionsEmulatorRuntime.js:679:19)","metadata":{"emulator":{"name":"functions"},"function":{"name":"us-central1-api"},"message":"\u001b[90m> \u001b[39m     at Timeout._onTimeout (/usr/local/lib/node_modules/firebase-tools/lib/emulator/functionsEmulatorRuntime.js:679:19)"}}
[info] >      at listOnTimeout (internal/timers.js:557:17) {"user":"    at listOnTimeout (internal/timers.js:557:17)","metadata":{"emulator":{"name":"functions"},"function":{"name":"us-central1-api"},"message":"\u001b[90m> \u001b[39m     at listOnTimeout (internal/timers.js:557:17)"}}
[info] >      at processTimers (internal/timers.js:500:7) {"user":"    at processTimers (internal/timers.js:500:7)","metadata":{"emulator":{"name":"functions"},"function":{"name":"us-central1-api"},"message":"\u001b[90m> \u001b[39m     at processTimers (internal/timers.js:500:7)"}}
[debug] [2021-09-07T17:55:53.562Z] [worker-us-central1-api-7048908d-4e27-4ead-9d35-09d888ad21fa]: exited {"metadata":{"emulator":{"name":"functions"},"message":"[worker-us-central1-api-7048908d-4e27-4ead-9d35-09d888ad21fa]: exited"}}
[debug] [2021-09-07T17:55:53.562Z] [worker-us-central1-api-7048908d-4e27-4ead-9d35-09d888ad21fa]: FINISHED {"metadata":{"emulator":{"name":"functions"},"message":"[worker-us-central1-api-7048908d-4e27-4ead-9d35-09d888ad21fa]: FINISHED"}}
[debug] [2021-09-07T17:55:53.563Z] [work-queue] {"queueLength":0,"workRunningCount":0}
[debug] [2021-09-07T17:59:15.289Z] [work-queue] {"queueLength":1,"workRunningCount":0}
[debug] [2021-09-07T17:59:15.290Z] [work-queue] {"queueLength":0,"workRunningCount":1}
[debug] [2021-09-07T17:59:15.290Z] Accepted request POST /challenge-acf14/us-central1/api/payments/create?total=25096 --> us-central1-api
[debug] [2021-09-07T17:59:15.290Z] [worker-pool] Cleaned up workers for us-central1-api: 1 --> 0 {"metadata":{"emulator":{"name":"functions"},"message":"[worker-pool] Cleaned up workers for us-central1-api: 1 --> 0"}}
[debug] [2021-09-07T17:59:15.298Z] [worker-pool] addWorker(us-central1-api) {"metadata":{"emulator":{"name":"functions"},"message":"[worker-pool] addWorker(us-central1-api)"}}
[debug] [2021-09-07T17:59:15.299Z] [worker-pool] Adding worker with key us-central1-api, total=1 {"metadata":{"emulator":{"name":"functions"},"message":"[worker-pool] Adding worker with key us-central1-api, total=1"}}
[debug] [2021-09-07T17:59:15.299Z] [worker-pool] submitWork(triggerId=us-central1-api) {"metadata":{"emulator":{"name":"functions"},"message":"[worker-pool] submitWork(triggerId=us-central1-api)"}}
[debug] [2021-09-07T17:59:15.300Z] [worker-us-central1-api-0b8b9cd6-a7cd-41eb-abb5-9f9be3f6a639]: Assigning socketPath: /tmp/fire_emu_12262.sock {"metadata":{"emulator":{"name":"functions"},"message":"[worker-us-central1-api-0b8b9cd6-a7cd-41eb-abb5-9f9be3f6a639]: Assigning socketPath: /tmp/fire_emu_12262.sock"}}
[debug] [2021-09-07T17:59:15.302Z] [worker-us-central1-api-0b8b9cd6-a7cd-41eb-abb5-9f9be3f6a639]: BUSY {"metadata":{"emulator":{"name":"functions"},"message":"[worker-us-central1-api-0b8b9cd6-a7cd-41eb-abb5-9f9be3f6a639]: BUSY"}}
[info] >  Debugger attached. {"user":"Debugger attached.","metadata":{"emulator":{"name":"functions"},"function":{"name":"us-central1-api"},"message":"\u001b[90m> \u001b[39m Debugger attached."}}
[debug] [2021-09-07T17:59:16.334Z] [runtime-status] [12262] Functions runtime initialized. {"cwd":"/home/manish/Amazon/amzon-clone/functions","node_version":"14.17.6"} {"metadata":{"emulator":{"name":"functions"},"function":{"name":"us-central1-api"},"message":"[runtime-status] [12262] Functions runtime initialized. {\"cwd\":\"/home/manish/Amazon/amzon-clone/functions\",\"node_version\":\"14.17.6\"}"}}
[debug] [2021-09-07T17:59:16.367Z] [runtime-status] [12262] Disabled runtime features: undefined {"metadata":{"emulator":{"name":"functions"},"function":{"name":"us-central1-api"},"message":"[runtime-status] [12262] Disabled runtime features: undefined"}}
[debug] [2021-09-07T17:59:16.367Z] [runtime-status] [12262] Resolved module firebase-admin {"declared":true,"installed":true,"version":"9.11.1","resolution":"/home/manish/Amazon/amzon-clone/functions/node_modules/firebase-admin/lib/index.js"} {"metadata":{"emulator":{"name":"functions"},"function":{"name":"us-central1-api"},"message":"[runtime-status] [12262] Resolved module firebase-admin {\"declared\":true,\"installed\":true,\"version\":\"9.11.1\",\"resolution\":\"/home/manish/Amazon/amzon-clone/functions/node_modules/firebase-admin/lib/index.js\"}"}}
[debug] [2021-09-07T17:59:16.368Z] [runtime-status] [12262] Resolved module firebase-functions {"declared":true,"installed":true,"version":"3.15.4","resolution":"/home/manish/Amazon/amzon-clone/functions/node_modules/firebase-functions/lib/index.js"} {"metadata":{"emulator":{"name":"functions"},"function":{"name":"us-central1-api"},"message":"[runtime-status] [12262] Resolved module firebase-functions {\"declared\":true,\"installed\":true,\"version\":\"3.15.4\",\"resolution\":\"/home/manish/Amazon/amzon-clone/functions/node_modules/firebase-functions/lib/index.js\"}"}}
[debug] [2021-09-07T17:59:16.368Z] [runtime-status] [12262] Resolved module firebase-functions {"declared":true,"installed":true,"version":"3.15.4","resolution":"/home/manish/Amazon/amzon-clone/functions/node_modules/firebase-functions/lib/index.js"} {"metadata":{"emulator":{"name":"functions"},"function":{"name":"us-central1-api"},"message":"[runtime-status] [12262] Resolved module firebase-functions {\"declared\":true,\"installed\":true,\"version\":\"3.15.4\",\"resolution\":\"/home/manish/Amazon/amzon-clone/functions/node_modules/firebase-functions/lib/index.js\"}"}}
[debug] [2021-09-07T17:59:16.368Z] [runtime-status] [12262] Outgoing network have been stubbed. [{"name":"http","status":"mocked"},{"name":"http","status":"mocked"},{"name":"https","status":"mocked"},{"name":"https","status":"mocked"},{"name":"net","status":"mocked"}] {"metadata":{"emulator":{"name":"functions"},"function":{"name":"us-central1-api"},"message":"[runtime-status] [12262] Outgoing network have been stubbed. [{\"name\":\"http\",\"status\":\"mocked\"},{\"name\":\"http\",\"status\":\"mocked\"},{\"name\":\"https\",\"status\":\"mocked\"},{\"name\":\"https\",\"status\":\"mocked\"},{\"name\":\"net\",\"status\":\"mocked\"}]"}}
[debug] [2021-09-07T17:59:16.368Z] [runtime-status] [12262] Resolved module firebase-functions {"declared":true,"installed":true,"version":"3.15.4","resolution":"/home/manish/Amazon/amzon-clone/functions/node_modules/firebase-functions/lib/index.js"} {"metadata":{"emulator":{"name":"functions"},"function":{"name":"us-central1-api"},"message":"[runtime-status] [12262] Resolved module firebase-functions {\"declared\":true,\"installed\":true,\"version\":\"3.15.4\",\"resolution\":\"/home/manish/Amazon/amzon-clone/functions/node_modules/firebase-functions/lib/index.js\"}"}}
[debug] [2021-09-07T17:59:16.473Z] [runtime-status] [12262] Checked functions.config() {"config":{}} {"metadata":{"emulator":{"name":"functions"},"function":{"name":"us-central1-api"},"message":"[runtime-status] [12262] Checked functions.config() {\"config\":{}}"}}
[debug] [2021-09-07T17:59:16.473Z] [runtime-status] [12262] firebase-functions has been stubbed. {"functionsResolution":{"declared":true,"installed":true,"version":"3.15.4","resolution":"/home/manish/Amazon/amzon-clone/functions/node_modules/firebase-functions/lib/index.js"}} {"metadata":{"emulator":{"name":"functions"},"function":{"name":"us-central1-api"},"message":"[runtime-status] [12262] firebase-functions has been stubbed. {\"functionsResolution\":{\"declared\":true,\"installed\":true,\"version\":\"3.15.4\",\"resolution\":\"/home/manish/Amazon/amzon-clone/functions/node_modules/firebase-functions/lib/index.js\"}}"}}
[debug] [2021-09-07T17:59:16.475Z] [runtime-status] [12262] Resolved module firebase-functions {"declared":true,"installed":true,"version":"3.15.4","resolution":"/home/manish/Amazon/amzon-clone/functions/node_modules/firebase-functions/lib/index.js"} {"metadata":{"emulator":{"name":"functions"},"function":{"name":"us-central1-api"},"message":"[runtime-status] [12262] Resolved module firebase-functions {\"declared\":true,\"installed\":true,\"version\":\"3.15.4\",\"resolution\":\"/home/manish/Amazon/amzon-clone/functions/node_modules/firebase-functions/lib/index.js\"}"}}
[debug] [2021-09-07T17:59:16.478Z] [runtime-status] [12262] Resolved module firebase-admin {"declared":true,"installed":true,"version":"9.11.1","resolution":"/home/manish/Amazon/amzon-clone/functions/node_modules/firebase-admin/lib/index.js"} {"metadata":{"emulator":{"name":"functions"},"function":{"name":"us-central1-api"},"message":"[runtime-status] [12262] Resolved module firebase-admin {\"declared\":true,\"installed\":true,\"version\":\"9.11.1\",\"resolution\":\"/home/manish/Amazon/amzon-clone/functions/node_modules/firebase-admin/lib/index.js\"}"}}
[debug] [2021-09-07T17:59:16.478Z] [runtime-status] [12262] Resolved module firebase-functions {"declared":true,"installed":true,"version":"3.15.4","resolution":"/home/manish/Amazon/amzon-clone/functions/node_modules/firebase-functions/lib/index.js"} {"metadata":{"emulator":{"name":"functions"},"function":{"name":"us-central1-api"},"message":"[runtime-status] [12262] Resolved module firebase-functions {\"declared\":true,\"installed\":true,\"version\":\"3.15.4\",\"resolution\":\"/home/manish/Amazon/amzon-clone/functions/node_modules/firebase-functions/lib/index.js\"}"}}
[debug] [2021-09-07T17:59:16.478Z] [runtime-status] [12262] firebase-admin has been stubbed. {"adminResolution":{"declared":true,"installed":true,"version":"9.11.1","resolution":"/home/manish/Amazon/amzon-clone/functions/node_modules/firebase-admin/lib/index.js"}} {"metadata":{"emulator":{"name":"functions"},"function":{"name":"us-central1-api"},"message":"[runtime-status] [12262] firebase-admin has been stubbed. {\"adminResolution\":{\"declared\":true,\"installed\":true,\"version\":\"9.11.1\",\"resolution\":\"/home/manish/Amazon/amzon-clone/functions/node_modules/firebase-admin/lib/index.js\"}}"}}
[debug] [2021-09-07T17:59:16.702Z] [runtime-status] [12262] Trigger "us-central1-api" has been found, beginning invocation! {"metadata":{"emulator":{"name":"functions"},"function":{"name":"us-central1-api"},"message":"[runtime-status] [12262] Trigger \"us-central1-api\" has been found, beginning invocation!"}}
[info] i  functions: Beginning execution of "us-central1-api" {"metadata":{"emulator":{"name":"functions"},"function":{"name":"us-central1-api"},"message":"Beginning execution of \"us-central1-api\""}}
[debug] [2021-09-07T17:59:16.704Z] [runtime-status] [12262] triggerDefinition {"httpsTrigger":{},"name":"api","entryPoint":"api","regions":["us-central1"],"region":"us-central1","id":"us-central1-api"} {"metadata":{"emulator":{"name":"functions"},"function":{"name":"us-central1-api"},"message":"[runtime-status] [12262] triggerDefinition {\"httpsTrigger\":{},\"name\":\"api\",\"entryPoint\":\"api\",\"regions\":[\"us-central1\"],\"region\":\"us-central1\",\"id\":\"us-central1-api\"}"}}
[debug] [2021-09-07T17:59:16.704Z] [runtime-status] [12262] Running us-central1-api in mode HTTPS {"metadata":{"emulator":{"name":"functions"},"function":{"name":"us-central1-api"},"message":"[runtime-status] [12262] Running us-central1-api in mode HTTPS"}}
[debug] [2021-09-07T17:59:16.711Z] [runtime-status] [12262] Attempting to listen to socketPath: /tmp/fire_emu_12262.sock {"metadata":{"emulator":{"name":"functions"},"function":{"name":"us-central1-api"},"message":"[runtime-status] [12262] Attempting to listen to socketPath: /tmp/fire_emu_12262.sock"}}
[debug] [2021-09-07T17:59:16.717Z] [functions] Runtime ready! Sending request! {"metadata":{"emulator":{"name":"functions"},"message":"[functions] Runtime ready! Sending request!"}}
[debug] [2021-09-07T17:59:16.718Z] [functions] Got req.url=/challenge-acf14/us-central1/api/payments/create?total=25096, mapping to path=/payments/create?total=25096 {"metadata":{"emulator":{"name":"functions"},"message":"[functions] Got req.url=/challenge-acf14/us-central1/api/payments/create?total=25096, mapping to path=/payments/create?total=25096"}}
[debug] [2021-09-07T17:59:16.735Z] [runtime-status] [12262] Ephemeral server handling POST request {"metadata":{"emulator":{"name":"functions"},"function":{"name":"us-central1-api"},"message":"[runtime-status] [12262] Ephemeral server handling POST request"}}
[info] >  Payment Request Recieved BOOM!!! for this amount >>>  25096 {"user":"Payment Request Recieved BOOM!!! for this amount >>>  25096","metadata":{"emulator":{"name":"functions"},"function":{"name":"us-central1-api"},"message":"\u001b[90m> \u001b[39m Payment Request Recieved BOOM!!! for this amount >>>  25096"}}
[debug] [2021-09-07T17:59:16.755Z] [runtime-status] [12262] Ephemeral server survived. {"metadata":{"emulator":{"name":"functions"},"function":{"name":"us-central1-api"},"message":"[runtime-status] [12262] Ephemeral server survived."}}
[info] i  functions: Finished "us-central1-api" in ~1s {"metadata":{"emulator":{"name":"functions"},"function":{"name":"us-central1-api"},"message":"Finished \"us-central1-api\" in ~1s"}}
[debug] [2021-09-07T17:59:17.599Z] [worker-us-central1-api-0b8b9cd6-a7cd-41eb-abb5-9f9be3f6a639]: IDLE {"metadata":{"emulator":{"name":"functions"},"message":"[worker-us-central1-api-0b8b9cd6-a7cd-41eb-abb5-9f9be3f6a639]: IDLE"}}
[debug] [2021-09-07T17:59:17.600Z] [work-queue] {"queueLength":0,"workRunningCount":0}
[debug] [2021-09-07T17:59:33.101Z] [work-queue] {"queueLength":1,"workRunningCount":0}
[debug] [2021-09-07T17:59:33.101Z] [work-queue] {"queueLength":0,"workRunningCount":1}
[debug] [2021-09-07T17:59:33.102Z] Accepted request POST /challenge-acf14/us-central1/api/payments/create?total=0 --> us-central1-api
[debug] [2021-09-07T17:59:33.102Z] [worker-pool] submitWork(triggerId=us-central1-api) {"metadata":{"emulator":{"name":"functions"},"message":"[worker-pool] submitWork(triggerId=us-central1-api)"}}
[debug] [2021-09-07T17:59:33.103Z] [worker-us-central1-api-0b8b9cd6-a7cd-41eb-abb5-9f9be3f6a639]: Assigning socketPath: /tmp/fire_emu_12262.sock {"metadata":{"emulator":{"name":"functions"},"message":"[worker-us-central1-api-0b8b9cd6-a7cd-41eb-abb5-9f9be3f6a639]: Assigning socketPath: /tmp/fire_emu_12262.sock"}}
[debug] [2021-09-07T17:59:33.103Z] [worker-us-central1-api-0b8b9cd6-a7cd-41eb-abb5-9f9be3f6a639]: BUSY {"metadata":{"emulator":{"name":"functions"},"message":"[worker-us-central1-api-0b8b9cd6-a7cd-41eb-abb5-9f9be3f6a639]: BUSY"}}
[debug] [2021-09-07T17:59:33.111Z] [runtime-status] [12262] Trigger "us-central1-api" has been found, beginning invocation! {"metadata":{"emulator":{"name":"functions"},"function":{"name":"us-central1-api"},"message":"[runtime-status] [12262] Trigger \"us-central1-api\" has been found, beginning invocation!"}}
[info] i  functions: Beginning execution of "us-central1-api" {"metadata":{"emulator":{"name":"functions"},"function":{"name":"us-central1-api"},"message":"Beginning execution of \"us-central1-api\""}}
[debug] [2021-09-07T17:59:33.113Z] [runtime-status] [12262] triggerDefinition {"httpsTrigger":{},"name":"api","entryPoint":"api","regions":["us-central1"],"region":"us-central1","id":"us-central1-api"} {"metadata":{"emulator":{"name":"functions"},"function":{"name":"us-central1-api"},"message":"[runtime-status] [12262] triggerDefinition {\"httpsTrigger\":{},\"name\":\"api\",\"entryPoint\":\"api\",\"regions\":[\"us-central1\"],\"region\":\"us-central1\",\"id\":\"us-central1-api\"}"}}
[debug] [2021-09-07T17:59:33.113Z] [runtime-status] [12262] Running us-central1-api in mode HTTPS {"metadata":{"emulator":{"name":"functions"},"function":{"name":"us-central1-api"},"message":"[runtime-status] [12262] Running us-central1-api in mode HTTPS"}}
[debug] [2021-09-07T17:59:33.113Z] [runtime-status] [12262] Attempting to listen to socketPath: /tmp/fire_emu_12262.sock {"metadata":{"emulator":{"name":"functions"},"function":{"name":"us-central1-api"},"message":"[runtime-status] [12262] Attempting to listen to socketPath: /tmp/fire_emu_12262.sock"}}
[debug] [2021-09-07T17:59:33.119Z] [functions] Runtime ready! Sending request! {"metadata":{"emulator":{"name":"functions"},"message":"[functions] Runtime ready! Sending request!"}}
[debug] [2021-09-07T17:59:33.119Z] [functions] Got req.url=/challenge-acf14/us-central1/api/payments/create?total=0, mapping to path=/payments/create?total=0 {"metadata":{"emulator":{"name":"functions"},"message":"[functions] Got req.url=/challenge-acf14/us-central1/api/payments/create?total=0, mapping to path=/payments/create?total=0"}}
[debug] [2021-09-07T17:59:33.138Z] [runtime-status] [12262] Ephemeral server handling POST request {"metadata":{"emulator":{"name":"functions"},"function":{"name":"us-central1-api"},"message":"[runtime-status] [12262] Ephemeral server handling POST request"}}
[debug] [2021-09-07T17:59:33.138Z] [runtime-status] [12262] Ephemeral server survived. {"metadata":{"emulator":{"name":"functions"},"function":{"name":"us-central1-api"},"message":"[runtime-status] [12262] Ephemeral server survived."}}
[info] >  Payment Request Recieved BOOM!!! for this amount >>>  0 {"user":"Payment Request Recieved BOOM!!! for this amount >>>  0","metadata":{"emulator":{"name":"functions"},"function":{"name":"us-central1-api"},"message":"\u001b[90m> \u001b[39m Payment Request Recieved BOOM!!! for this amount >>>  0"}}
[info] >  (node:12262) UnhandledPromiseRejectionWarning: Error: This value must be greater than or equal to 1. {"user":"(node:12262) UnhandledPromiseRejectionWarning: Error: This value must be greater than or equal to 1.","metadata":{"emulator":{"name":"functions"},"function":{"name":"us-central1-api"},"message":"\u001b[90m> \u001b[39m (node:12262) UnhandledPromiseRejectionWarning: Error: This value must be greater than or equal to 1."}}
[info] >      at Function.generate (/home/manish/Amazon/amzon-clone/functions/node_modules/stripe/lib/Error.js:40:16) {"user":"    at Function.generate (/home/manish/Amazon/amzon-clone/functions/node_modules/stripe/lib/Error.js:40:16)","metadata":{"emulator":{"name":"functions"},"function":{"name":"us-central1-api"},"message":"\u001b[90m> \u001b[39m     at Function.generate (/home/manish/Amazon/amzon-clone/functions/node_modules/stripe/lib/Error.js:40:16)"}}
[info] >      at res.toJSON.then.StripeAPIError.message (/home/manish/Amazon/amzon-clone/functions/node_modules/stripe/lib/StripeResource.js:220:35) {"user":"    at res.toJSON.then.StripeAPIError.message (/home/manish/Amazon/amzon-clone/functions/node_modules/stripe/lib/StripeResource.js:220:35)","metadata":{"emulator":{"name":"functions"},"function":{"name":"us-central1-api"},"message":"\u001b[90m> \u001b[39m     at res.toJSON.then.StripeAPIError.message (/home/manish/Amazon/amzon-clone/functions/node_modules/stripe/lib/StripeResource.js:220:35)"}}
[info] >      at processTicksAndRejections (internal/process/task_queues.js:95:5) {"user":"    at processTicksAndRejections (internal/process/task_queues.js:95:5)","metadata":{"emulator":{"name":"functions"},"function":{"name":"us-central1-api"},"message":"\u001b[90m> \u001b[39m     at processTicksAndRejections (internal/process/task_queues.js:95:5)"}}
[info] >  (Use `node --trace-warnings ...` to show where the warning was created) {"user":"(Use `node --trace-warnings ...` to show where the warning was created)","metadata":{"emulator":{"name":"functions"},"function":{"name":"us-central1-api"},"message":"\u001b[90m> \u001b[39m (Use `node --trace-warnings ...` to show where the warning was created)"}}
[info] >  (node:12262) UnhandledPromiseRejectionWarning: Unhandled promise rejection. This error originated either by throwing inside of an async function without a catch block, or by rejecting a promise which was not handled with .catch(). To terminate the node process on unhandled promise rejection, use the CLI flag `--unhandled-rejections=strict` (see https://nodejs.org/api/cli.html#cli_unhandled_rejections_mode). (rejection id: 1) {"user":"(node:12262) UnhandledPromiseRejectionWarning: Unhandled promise rejection. This error originated either by throwing inside of an async function without a catch block, or by rejecting a promise which was not handled with .catch(). To terminate the node process on unhandled promise rejection, use the CLI flag `--unhandled-rejections=strict` (see https://nodejs.org/api/cli.html#cli_unhandled_rejections_mode). (rejection id: 1)","metadata":{"emulator":{"name":"functions"},"function":{"name":"us-central1-api"},"message":"\u001b[90m> \u001b[39m (node:12262) UnhandledPromiseRejectionWarning: Unhandled promise rejection. This error originated either by throwing inside of an async function without a catch block, or by rejecting a promise which was not handled with .catch(). To terminate the node process on unhandled promise rejection, use the CLI flag `--unhandled-rejections=strict` (see https://nodejs.org/api/cli.html#cli_unhandled_rejections_mode). (rejection id: 1)"}}
[info] >  (node:12262) [DEP0018] DeprecationWarning: Unhandled promise rejections are deprecated. In the future, promise rejections that are not handled will terminate the Node.js process with a non-zero exit code. {"user":"(node:12262) [DEP0018] DeprecationWarning: Unhandled promise rejections are deprecated. In the future, promise rejections that are not handled will terminate the Node.js process with a non-zero exit code.","metadata":{"emulator":{"name":"functions"},"function":{"name":"us-central1-api"},"message":"\u001b[90m> \u001b[39m (node:12262) [DEP0018] DeprecationWarning: Unhandled promise rejections are deprecated. In the future, promise rejections that are not handled will terminate the Node.js process with a non-zero exit code."}}
[warn] ⚠  functions: Your function timed out after ~60s. To configure this timeout, see
      https://firebase.google.com/docs/functions/manage-functions#set_timeout_and_memory_allocation. {"metadata":{"emulator":{"name":"functions"},"function":{"name":"us-central1-api"},"message":"Your function timed out after ~60s. To configure this timeout, see\n      https://firebase.google.com/docs/functions/manage-functions#set_timeout_and_memory_allocation."}}
[info] >  Waiting for the debugger to disconnect... {"user":"Waiting for the debugger to disconnect...","metadata":{"emulator":{"name":"functions"},"function":{"name":"us-central1-api"},"message":"\u001b[90m> \u001b[39m Waiting for the debugger to disconnect..."}}
[info] >  /usr/local/lib/node_modules/firebase-tools/lib/emulator/functionsEmulatorRuntime.js:679 {"user":"/usr/local/lib/node_modules/firebase-tools/lib/emulator/functionsEmulatorRuntime.js:679","metadata":{"emulator":{"name":"functions"},"function":{"name":"us-central1-api"},"message":"\u001b[90m> \u001b[39m /usr/local/lib/node_modules/firebase-tools/lib/emulator/functionsEmulatorRuntime.js:679"}}
[info] >              throw new Error("Function timed out."); {"user":"            throw new Error(\"Function timed out.\");","metadata":{"emulator":{"name":"functions"},"function":{"name":"us-central1-api"},"message":"\u001b[90m> \u001b[39m             throw new Error(\"Function timed out.\");"}}
[info] >              ^ {"user":"            ^","metadata":{"emulator":{"name":"functions"},"function":{"name":"us-central1-api"},"message":"\u001b[90m> \u001b[39m             ^"}}
[info] >   {"user":"","metadata":{"emulator":{"name":"functions"},"function":{"name":"us-central1-api"},"message":"\u001b[90m> \u001b[39m "}}
[info] >  Error: Function timed out. {"user":"Error: Function timed out.","metadata":{"emulator":{"name":"functions"},"function":{"name":"us-central1-api"},"message":"\u001b[90m> \u001b[39m Error: Function timed out."}}
[info] >      at Timeout._onTimeout (/usr/local/lib/node_modules/firebase-tools/lib/emulator/functionsEmulatorRuntime.js:679:19) {"user":"    at Timeout._onTimeout (/usr/local/lib/node_modules/firebase-tools/lib/emulator/functionsEmulatorRuntime.js:679:19)","metadata":{"emulator":{"name":"functions"},"function":{"name":"us-central1-api"},"message":"\u001b[90m> \u001b[39m     at Timeout._onTimeout (/usr/local/lib/node_modules/firebase-tools/lib/emulator/functionsEmulatorRuntime.js:679:19)"}}
[info] >      at listOnTimeout (internal/timers.js:557:17) {"user":"    at listOnTimeout (internal/timers.js:557:17)","metadata":{"emulator":{"name":"functions"},"function":{"name":"us-central1-api"},"message":"\u001b[90m> \u001b[39m     at listOnTimeout (internal/timers.js:557:17)"}}
[info] >      at processTimers (internal/timers.js:500:7) {"user":"    at processTimers (internal/timers.js:500:7)","metadata":{"emulator":{"name":"functions"},"function":{"name":"us-central1-api"},"message":"\u001b[90m> \u001b[39m     at processTimers (internal/timers.js:500:7)"}}
[debug] [2021-09-07T18:00:33.163Z] [worker-us-central1-api-0b8b9cd6-a7cd-41eb-abb5-9f9be3f6a639]: exited {"metadata":{"emulator":{"name":"functions"},"message":"[worker-us-central1-api-0b8b9cd6-a7cd-41eb-abb5-9f9be3f6a639]: exited"}}
[debug] [2021-09-07T18:00:33.163Z] [worker-us-central1-api-0b8b9cd6-a7cd-41eb-abb5-9f9be3f6a639]: FINISHED {"metadata":{"emulator":{"name":"functions"},"message":"[worker-us-central1-api-0b8b9cd6-a7cd-41eb-abb5-9f9be3f6a639]: FINISHED"}}
[debug] [2021-09-07T18:00:33.163Z] [work-queue] {"queueLength":0,"workRunningCount":0}
[debug] [2021-09-07T18:14:34.655Z] [work-queue] {"queueLength":1,"workRunningCount":0}
[debug] [2021-09-07T18:14:34.656Z] [work-queue] {"queueLength":0,"workRunningCount":1}
[debug] [2021-09-07T18:14:34.656Z] Accepted request POST /challenge-acf14/us-central1/api/payments/create?total=170593 --> us-central1-api
[debug] [2021-09-07T18:14:34.656Z] [worker-pool] Cleaned up workers for us-central1-api: 1 --> 0 {"metadata":{"emulator":{"name":"functions"},"message":"[worker-pool] Cleaned up workers for us-central1-api: 1 --> 0"}}
[debug] [2021-09-07T18:14:34.663Z] [worker-pool] addWorker(us-central1-api) {"metadata":{"emulator":{"name":"functions"},"message":"[worker-pool] addWorker(us-central1-api)"}}
[debug] [2021-09-07T18:14:34.663Z] [worker-pool] Adding worker with key us-central1-api, total=1 {"metadata":{"emulator":{"name":"functions"},"message":"[worker-pool] Adding worker with key us-central1-api, total=1"}}
[debug] [2021-09-07T18:14:34.664Z] [worker-pool] submitWork(triggerId=us-central1-api) {"metadata":{"emulator":{"name":"functions"},"message":"[worker-pool] submitWork(triggerId=us-central1-api)"}}
[debug] [2021-09-07T18:14:34.664Z] [worker-us-central1-api-2f829177-4535-4eab-8ef2-92d90b5a86dc]: Assigning socketPath: /tmp/fire_emu_12840.sock {"metadata":{"emulator":{"name":"functions"},"message":"[worker-us-central1-api-2f829177-4535-4eab-8ef2-92d90b5a86dc]: Assigning socketPath: /tmp/fire_emu_12840.sock"}}
[debug] [2021-09-07T18:14:34.664Z] [worker-us-central1-api-2f829177-4535-4eab-8ef2-92d90b5a86dc]: BUSY {"metadata":{"emulator":{"name":"functions"},"message":"[worker-us-central1-api-2f829177-4535-4eab-8ef2-92d90b5a86dc]: BUSY"}}
[info] >  Debugger attached. {"user":"Debugger attached.","metadata":{"emulator":{"name":"functions"},"function":{"name":"us-central1-api"},"message":"\u001b[90m> \u001b[39m Debugger attached."}}
[debug] [2021-09-07T18:14:35.526Z] [runtime-status] [12840] Functions runtime initialized. {"cwd":"/home/manish/Amazon/amzon-clone/functions","node_version":"14.17.6"} {"metadata":{"emulator":{"name":"functions"},"function":{"name":"us-central1-api"},"message":"[runtime-status] [12840] Functions runtime initialized. {\"cwd\":\"/home/manish/Amazon/amzon-clone/functions\",\"node_version\":\"14.17.6\"}"}}
[debug] [2021-09-07T18:14:35.538Z] [runtime-status] [12840] Disabled runtime features: undefined {"metadata":{"emulator":{"name":"functions"},"function":{"name":"us-central1-api"},"message":"[runtime-status] [12840] Disabled runtime features: undefined"}}
[debug] [2021-09-07T18:14:35.542Z] [runtime-status] [12840] Resolved module firebase-admin {"declared":true,"installed":true,"version":"9.11.1","resolution":"/home/manish/Amazon/amzon-clone/functions/node_modules/firebase-admin/lib/index.js"} {"metadata":{"emulator":{"name":"functions"},"function":{"name":"us-central1-api"},"message":"[runtime-status] [12840] Resolved module firebase-admin {\"declared\":true,\"installed\":true,\"version\":\"9.11.1\",\"resolution\":\"/home/manish/Amazon/amzon-clone/functions/node_modules/firebase-admin/lib/index.js\"}"}}
[debug] [2021-09-07T18:14:35.542Z] [runtime-status] [12840] Resolved module firebase-functions {"declared":true,"installed":true,"version":"3.15.4","resolution":"/home/manish/Amazon/amzon-clone/functions/node_modules/firebase-functions/lib/index.js"} {"metadata":{"emulator":{"name":"functions"},"function":{"name":"us-central1-api"},"message":"[runtime-status] [12840] Resolved module firebase-functions {\"declared\":true,\"installed\":true,\"version\":\"3.15.4\",\"resolution\":\"/home/manish/Amazon/amzon-clone/functions/node_modules/firebase-functions/lib/index.js\"}"}}
[debug] [2021-09-07T18:14:35.543Z] [runtime-status] [12840] Resolved module firebase-functions {"declared":true,"installed":true,"version":"3.15.4","resolution":"/home/manish/Amazon/amzon-clone/functions/node_modules/firebase-functions/lib/index.js"} {"metadata":{"emulator":{"name":"functions"},"function":{"name":"us-central1-api"},"message":"[runtime-status] [12840] Resolved module firebase-functions {\"declared\":true,\"installed\":true,\"version\":\"3.15.4\",\"resolution\":\"/home/manish/Amazon/amzon-clone/functions/node_modules/firebase-functions/lib/index.js\"}"}}
[debug] [2021-09-07T18:14:35.551Z] [runtime-status] [12840] Outgoing network have been stubbed. [{"name":"http","status":"mocked"},{"name":"http","status":"mocked"},{"name":"https","status":"mocked"},{"name":"https","status":"mocked"},{"name":"net","status":"mocked"}] {"metadata":{"emulator":{"name":"functions"},"function":{"name":"us-central1-api"},"message":"[runtime-status] [12840] Outgoing network have been stubbed. [{\"name\":\"http\",\"status\":\"mocked\"},{\"name\":\"http\",\"status\":\"mocked\"},{\"name\":\"https\",\"status\":\"mocked\"},{\"name\":\"https\",\"status\":\"mocked\"},{\"name\":\"net\",\"status\":\"mocked\"}]"}}
[debug] [2021-09-07T18:14:35.552Z] [runtime-status] [12840] Resolved module firebase-functions {"declared":true,"installed":true,"version":"3.15.4","resolution":"/home/manish/Amazon/amzon-clone/functions/node_modules/firebase-functions/lib/index.js"} {"metadata":{"emulator":{"name":"functions"},"function":{"name":"us-central1-api"},"message":"[runtime-status] [12840] Resolved module firebase-functions {\"declared\":true,\"installed\":true,\"version\":\"3.15.4\",\"resolution\":\"/home/manish/Amazon/amzon-clone/functions/node_modules/firebase-functions/lib/index.js\"}"}}
[debug] [2021-09-07T18:14:35.623Z] [runtime-status] [12840] Checked functions.config() {"config":{}} {"metadata":{"emulator":{"name":"functions"},"function":{"name":"us-central1-api"},"message":"[runtime-status] [12840] Checked functions.config() {\"config\":{}}"}}
[debug] [2021-09-07T18:14:35.623Z] [runtime-status] [12840] firebase-functions has been stubbed. {"functionsResolution":{"declared":true,"installed":true,"version":"3.15.4","resolution":"/home/manish/Amazon/amzon-clone/functions/node_modules/firebase-functions/lib/index.js"}} {"metadata":{"emulator":{"name":"functions"},"function":{"name":"us-central1-api"},"message":"[runtime-status] [12840] firebase-functions has been stubbed. {\"functionsResolution\":{\"declared\":true,\"installed\":true,\"version\":\"3.15.4\",\"resolution\":\"/home/manish/Amazon/amzon-clone/functions/node_modules/firebase-functions/lib/index.js\"}}"}}
[debug] [2021-09-07T18:14:35.624Z] [runtime-status] [12840] Resolved module firebase-functions {"declared":true,"installed":true,"version":"3.15.4","resolution":"/home/manish/Amazon/amzon-clone/functions/node_modules/firebase-functions/lib/index.js"} {"metadata":{"emulator":{"name":"functions"},"function":{"name":"us-central1-api"},"message":"[runtime-status] [12840] Resolved module firebase-functions {\"declared\":true,\"installed\":true,\"version\":\"3.15.4\",\"resolution\":\"/home/manish/Amazon/amzon-clone/functions/node_modules/firebase-functions/lib/index.js\"}"}}
[debug] [2021-09-07T18:14:35.627Z] [runtime-status] [12840] Resolved module firebase-admin {"declared":true,"installed":true,"version":"9.11.1","resolution":"/home/manish/Amazon/amzon-clone/functions/node_modules/firebase-admin/lib/index.js"} {"metadata":{"emulator":{"name":"functions"},"function":{"name":"us-central1-api"},"message":"[runtime-status] [12840] Resolved module firebase-admin {\"declared\":true,\"installed\":true,\"version\":\"9.11.1\",\"resolution\":\"/home/manish/Amazon/amzon-clone/functions/node_modules/firebase-admin/lib/index.js\"}"}}
[debug] [2021-09-07T18:14:35.627Z] [runtime-status] [12840] Resolved module firebase-functions {"declared":true,"installed":true,"version":"3.15.4","resolution":"/home/manish/Amazon/amzon-clone/functions/node_modules/firebase-functions/lib/index.js"} {"metadata":{"emulator":{"name":"functions"},"function":{"name":"us-central1-api"},"message":"[runtime-status] [12840] Resolved module firebase-functions {\"declared\":true,\"installed\":true,\"version\":\"3.15.4\",\"resolution\":\"/home/manish/Amazon/amzon-clone/functions/node_modules/firebase-functions/lib/index.js\"}"}}
[debug] [2021-09-07T18:14:35.629Z] [runtime-status] [12840] firebase-admin has been stubbed. {"adminResolution":{"declared":true,"installed":true,"version":"9.11.1","resolution":"/home/manish/Amazon/amzon-clone/functions/node_modules/firebase-admin/lib/index.js"}} {"metadata":{"emulator":{"name":"functions"},"function":{"name":"us-central1-api"},"message":"[runtime-status] [12840] firebase-admin has been stubbed. {\"adminResolution\":{\"declared\":true,\"installed\":true,\"version\":\"9.11.1\",\"resolution\":\"/home/manish/Amazon/amzon-clone/functions/node_modules/firebase-admin/lib/index.js\"}}"}}
[debug] [2021-09-07T18:14:35.830Z] [runtime-status] [12840] Trigger "us-central1-api" has been found, beginning invocation! {"metadata":{"emulator":{"name":"functions"},"function":{"name":"us-central1-api"},"message":"[runtime-status] [12840] Trigger \"us-central1-api\" has been found, beginning invocation!"}}
[info] i  functions: Beginning execution of "us-central1-api" {"metadata":{"emulator":{"name":"functions"},"function":{"name":"us-central1-api"},"message":"Beginning execution of \"us-central1-api\""}}
[debug] [2021-09-07T18:14:35.845Z] [runtime-status] [12840] triggerDefinition {"httpsTrigger":{},"name":"api","entryPoint":"api","regions":["us-central1"],"region":"us-central1","id":"us-central1-api"} {"metadata":{"emulator":{"name":"functions"},"function":{"name":"us-central1-api"},"message":"[runtime-status] [12840] triggerDefinition {\"httpsTrigger\":{},\"name\":\"api\",\"entryPoint\":\"api\",\"regions\":[\"us-central1\"],\"region\":\"us-central1\",\"id\":\"us-central1-api\"}"}}
[debug] [2021-09-07T18:14:35.845Z] [runtime-status] [12840] Running us-central1-api in mode HTTPS {"metadata":{"emulator":{"name":"functions"},"function":{"name":"us-central1-api"},"message":"[runtime-status] [12840] Running us-central1-api in mode HTTPS"}}
[debug] [2021-09-07T18:14:35.846Z] [runtime-status] [12840] Attempting to listen to socketPath: /tmp/fire_emu_12840.sock {"metadata":{"emulator":{"name":"functions"},"function":{"name":"us-central1-api"},"message":"[runtime-status] [12840] Attempting to listen to socketPath: /tmp/fire_emu_12840.sock"}}
[debug] [2021-09-07T18:14:35.846Z] [functions] Runtime ready! Sending request! {"metadata":{"emulator":{"name":"functions"},"message":"[functions] Runtime ready! Sending request!"}}
[debug] [2021-09-07T18:14:35.847Z] [functions] Got req.url=/challenge-acf14/us-central1/api/payments/create?total=170593, mapping to path=/payments/create?total=170593 {"metadata":{"emulator":{"name":"functions"},"message":"[functions] Got req.url=/challenge-acf14/us-central1/api/payments/create?total=170593, mapping to path=/payments/create?total=170593"}}
[debug] [2021-09-07T18:14:35.861Z] [runtime-status] [12840] Ephemeral server handling POST request {"metadata":{"emulator":{"name":"functions"},"function":{"name":"us-central1-api"},"message":"[runtime-status] [12840] Ephemeral server handling POST request"}}
[info] >  Payment Request Recieved BOOM!!! for this amount >>>  170593 {"user":"Payment Request Recieved BOOM!!! for this amount >>>  170593","metadata":{"emulator":{"name":"functions"},"function":{"name":"us-central1-api"},"message":"\u001b[90m> \u001b[39m Payment Request Recieved BOOM!!! for this amount >>>  170593"}}
[debug] [2021-09-07T18:14:35.882Z] [runtime-status] [12840] Ephemeral server survived. {"metadata":{"emulator":{"name":"functions"},"function":{"name":"us-central1-api"},"message":"[runtime-status] [12840] Ephemeral server survived."}}
[info] i  functions: Finished "us-central1-api" in ~1s {"metadata":{"emulator":{"name":"functions"},"function":{"name":"us-central1-api"},"message":"Finished \"us-central1-api\" in ~1s"}}
[debug] [2021-09-07T18:14:37.023Z] [worker-us-central1-api-2f829177-4535-4eab-8ef2-92d90b5a86dc]: IDLE {"metadata":{"emulator":{"name":"functions"},"message":"[worker-us-central1-api-2f829177-4535-4eab-8ef2-92d90b5a86dc]: IDLE"}}
[debug] [2021-09-07T18:14:37.023Z] [work-queue] {"queueLength":0,"workRunningCount":0}
[debug] [2021-09-07T18:14:54.440Z] [work-queue] {"queueLength":1,"workRunningCount":0}
[debug] [2021-09-07T18:14:54.440Z] [work-queue] {"queueLength":0,"workRunningCount":1}
[debug] [2021-09-07T18:14:54.441Z] Accepted request POST /challenge-acf14/us-central1/api/payments/create?total=0 --> us-central1-api
[debug] [2021-09-07T18:14:54.441Z] [worker-pool] submitWork(triggerId=us-central1-api) {"metadata":{"emulator":{"name":"functions"},"message":"[worker-pool] submitWork(triggerId=us-central1-api)"}}
[debug] [2021-09-07T18:14:54.441Z] [worker-us-central1-api-2f829177-4535-4eab-8ef2-92d90b5a86dc]: Assigning socketPath: /tmp/fire_emu_12840.sock {"metadata":{"emulator":{"name":"functions"},"message":"[worker-us-central1-api-2f829177-4535-4eab-8ef2-92d90b5a86dc]: Assigning socketPath: /tmp/fire_emu_12840.sock"}}
[debug] [2021-09-07T18:14:54.442Z] [worker-us-central1-api-2f829177-4535-4eab-8ef2-92d90b5a86dc]: BUSY {"metadata":{"emulator":{"name":"functions"},"message":"[worker-us-central1-api-2f829177-4535-4eab-8ef2-92d90b5a86dc]: BUSY"}}
[debug] [2021-09-07T18:14:54.446Z] [runtime-status] [12840] Trigger "us-central1-api" has been found, beginning invocation! {"metadata":{"emulator":{"name":"functions"},"function":{"name":"us-central1-api"},"message":"[runtime-status] [12840] Trigger \"us-central1-api\" has been found, beginning invocation!"}}
[info] i  functions: Beginning execution of "us-central1-api" {"metadata":{"emulator":{"name":"functions"},"function":{"name":"us-central1-api"},"message":"Beginning execution of \"us-central1-api\""}}
[debug] [2021-09-07T18:14:54.450Z] [runtime-status] [12840] triggerDefinition {"httpsTrigger":{},"name":"api","entryPoint":"api","regions":["us-central1"],"region":"us-central1","id":"us-central1-api"} {"metadata":{"emulator":{"name":"functions"},"function":{"name":"us-central1-api"},"message":"[runtime-status] [12840] triggerDefinition {\"httpsTrigger\":{},\"name\":\"api\",\"entryPoint\":\"api\",\"regions\":[\"us-central1\"],\"region\":\"us-central1\",\"id\":\"us-central1-api\"}"}}
[debug] [2021-09-07T18:14:54.451Z] [runtime-status] [12840] Running us-central1-api in mode HTTPS {"metadata":{"emulator":{"name":"functions"},"function":{"name":"us-central1-api"},"message":"[runtime-status] [12840] Running us-central1-api in mode HTTPS"}}
[debug] [2021-09-07T18:14:54.451Z] [runtime-status] [12840] Attempting to listen to socketPath: /tmp/fire_emu_12840.sock {"metadata":{"emulator":{"name":"functions"},"function":{"name":"us-central1-api"},"message":"[runtime-status] [12840] Attempting to listen to socketPath: /tmp/fire_emu_12840.sock"}}
[debug] [2021-09-07T18:14:54.453Z] [functions] Runtime ready! Sending request! {"metadata":{"emulator":{"name":"functions"},"message":"[functions] Runtime ready! Sending request!"}}
[debug] [2021-09-07T18:14:54.453Z] [functions] Got req.url=/challenge-acf14/us-central1/api/payments/create?total=0, mapping to path=/payments/create?total=0 {"metadata":{"emulator":{"name":"functions"},"message":"[functions] Got req.url=/challenge-acf14/us-central1/api/payments/create?total=0, mapping to path=/payments/create?total=0"}}
[debug] [2021-09-07T18:14:54.462Z] [runtime-status] [12840] Ephemeral server handling POST request {"metadata":{"emulator":{"name":"functions"},"function":{"name":"us-central1-api"},"message":"[runtime-status] [12840] Ephemeral server handling POST request"}}
[info] >  Payment Request Recieved BOOM!!! for this amount >>>  0 {"user":"Payment Request Recieved BOOM!!! for this amount >>>  0","metadata":{"emulator":{"name":"functions"},"function":{"name":"us-central1-api"},"message":"\u001b[90m> \u001b[39m Payment Request Recieved BOOM!!! for this amount >>>  0"}}
[debug] [2021-09-07T18:14:54.465Z] [runtime-status] [12840] Ephemeral server survived. {"metadata":{"emulator":{"name":"functions"},"function":{"name":"us-central1-api"},"message":"[runtime-status] [12840] Ephemeral server survived."}}
[info] >  (node:12840) UnhandledPromiseRejectionWarning: Error: This value must be greater than or equal to 1. {"user":"(node:12840) UnhandledPromiseRejectionWarning: Error: This value must be greater than or equal to 1.","metadata":{"emulator":{"name":"functions"},"function":{"name":"us-central1-api"},"message":"\u001b[90m> \u001b[39m (node:12840) UnhandledPromiseRejectionWarning: Error: This value must be greater than or equal to 1."}}
[info] >      at Function.generate (/home/manish/Amazon/amzon-clone/functions/node_modules/stripe/lib/Error.js:40:16) {"user":"    at Function.generate (/home/manish/Amazon/amzon-clone/functions/node_modules/stripe/lib/Error.js:40:16)","metadata":{"emulator":{"name":"functions"},"function":{"name":"us-central1-api"},"message":"\u001b[90m> \u001b[39m     at Function.generate (/home/manish/Amazon/amzon-clone/functions/node_modules/stripe/lib/Error.js:40:16)"}}
[info] >      at res.toJSON.then.StripeAPIError.message (/home/manish/Amazon/amzon-clone/functions/node_modules/stripe/lib/StripeResource.js:220:35) {"user":"    at res.toJSON.then.StripeAPIError.message (/home/manish/Amazon/amzon-clone/functions/node_modules/stripe/lib/StripeResource.js:220:35)","metadata":{"emulator":{"name":"functions"},"function":{"name":"us-central1-api"},"message":"\u001b[90m> \u001b[39m     at res.toJSON.then.StripeAPIError.message (/home/manish/Amazon/amzon-clone/functions/node_modules/stripe/lib/StripeResource.js:220:35)"}}
[info] >      at processTicksAndRejections (internal/process/task_queues.js:95:5) {"user":"    at processTicksAndRejections (internal/process/task_queues.js:95:5)","metadata":{"emulator":{"name":"functions"},"function":{"name":"us-central1-api"},"message":"\u001b[90m> \u001b[39m     at processTicksAndRejections (internal/process/task_queues.js:95:5)"}}
[info] >  (Use `node --trace-warnings ...` to show where the warning was created) {"user":"(Use `node --trace-warnings ...` to show where the warning was created)","metadata":{"emulator":{"name":"functions"},"function":{"name":"us-central1-api"},"message":"\u001b[90m> \u001b[39m (Use `node --trace-warnings ...` to show where the warning was created)"}}
[info] >  (node:12840) UnhandledPromiseRejectionWarning: Unhandled promise rejection. This error originated either by throwing inside of an async function without a catch block, or by rejecting a promise which was not handled with .catch(). To terminate the node process on unhandled promise rejection, use the CLI flag `--unhandled-rejections=strict` (see https://nodejs.org/api/cli.html#cli_unhandled_rejections_mode). (rejection id: 1) {"user":"(node:12840) UnhandledPromiseRejectionWarning: Unhandled promise rejection. This error originated either by throwing inside of an async function without a catch block, or by rejecting a promise which was not handled with .catch(). To terminate the node process on unhandled promise rejection, use the CLI flag `--unhandled-rejections=strict` (see https://nodejs.org/api/cli.html#cli_unhandled_rejections_mode). (rejection id: 1)","metadata":{"emulator":{"name":"functions"},"function":{"name":"us-central1-api"},"message":"\u001b[90m> \u001b[39m (node:12840) UnhandledPromiseRejectionWarning: Unhandled promise rejection. This error originated either by throwing inside of an async function without a catch block, or by rejecting a promise which was not handled with .catch(). To terminate the node process on unhandled promise rejection, use the CLI flag `--unhandled-rejections=strict` (see https://nodejs.org/api/cli.html#cli_unhandled_rejections_mode). (rejection id: 1)"}}
[info] >  (node:12840) [DEP0018] DeprecationWarning: Unhandled promise rejections are deprecated. In the future, promise rejections that are not handled will terminate the Node.js process with a non-zero exit code. {"user":"(node:12840) [DEP0018] DeprecationWarning: Unhandled promise rejections are deprecated. In the future, promise rejections that are not handled will terminate the Node.js process with a non-zero exit code.","metadata":{"emulator":{"name":"functions"},"function":{"name":"us-central1-api"},"message":"\u001b[90m> \u001b[39m (node:12840) [DEP0018] DeprecationWarning: Unhandled promise rejections are deprecated. In the future, promise rejections that are not handled will terminate the Node.js process with a non-zero exit code."}}
[warn] ⚠  functions: Your function timed out after ~60s. To configure this timeout, see
      https://firebase.google.com/docs/functions/manage-functions#set_timeout_and_memory_allocation. {"metadata":{"emulator":{"name":"functions"},"function":{"name":"us-central1-api"},"message":"Your function timed out after ~60s. To configure this timeout, see\n      https://firebase.google.com/docs/functions/manage-functions#set_timeout_and_memory_allocation."}}
[info] >  Waiting for the debugger to disconnect... {"user":"Waiting for the debugger to disconnect...","metadata":{"emulator":{"name":"functions"},"function":{"name":"us-central1-api"},"message":"\u001b[90m> \u001b[39m Waiting for the debugger to disconnect..."}}
[info] >  /usr/local/lib/node_modules/firebase-tools/lib/emulator/functionsEmulatorRuntime.js:679 {"user":"/usr/local/lib/node_modules/firebase-tools/lib/emulator/functionsEmulatorRuntime.js:679","metadata":{"emulator":{"name":"functions"},"function":{"name":"us-central1-api"},"message":"\u001b[90m> \u001b[39m /usr/local/lib/node_modules/firebase-tools/lib/emulator/functionsEmulatorRuntime.js:679"}}
[info] >              throw new Error("Function timed out."); {"user":"            throw new Error(\"Function timed out.\");","metadata":{"emulator":{"name":"functions"},"function":{"name":"us-central1-api"},"message":"\u001b[90m> \u001b[39m             throw new Error(\"Function timed out.\");"}}
[info] >              ^ {"user":"            ^","metadata":{"emulator":{"name":"functions"},"function":{"name":"us-central1-api"},"message":"\u001b[90m> \u001b[39m             ^"}}
[info] >   {"user":"","metadata":{"emulator":{"name":"functions"},"function":{"name":"us-central1-api"},"message":"\u001b[90m> \u001b[39m "}}
[info] >  Error: Function timed out. {"user":"Error: Function timed out.","metadata":{"emulator":{"name":"functions"},"function":{"name":"us-central1-api"},"message":"\u001b[90m> \u001b[39m Error: Function timed out."}}
[info] >      at Timeout._onTimeout (/usr/local/lib/node_modules/firebase-tools/lib/emulator/functionsEmulatorRuntime.js:679:19) {"user":"    at Timeout._onTimeout (/usr/local/lib/node_modules/firebase-tools/lib/emulator/functionsEmulatorRuntime.js:679:19)","metadata":{"emulator":{"name":"functions"},"function":{"name":"us-central1-api"},"message":"\u001b[90m> \u001b[39m     at Timeout._onTimeout (/usr/local/lib/node_modules/firebase-tools/lib/emulator/functionsEmulatorRuntime.js:679:19)"}}
[info] >      at listOnTimeout (internal/timers.js:557:17) {"user":"    at listOnTimeout (internal/timers.js:557:17)","metadata":{"emulator":{"name":"functions"},"function":{"name":"us-central1-api"},"message":"\u001b[90m> \u001b[39m     at listOnTimeout (internal/timers.js:557:17)"}}
[info] >      at processTimers (internal/timers.js:500:7) {"user":"    at processTimers (internal/timers.js:500:7)","metadata":{"emulator":{"name":"functions"},"function":{"name":"us-central1-api"},"message":"\u001b[90m> \u001b[39m     at processTimers (internal/timers.js:500:7)"}}
[debug] [2021-09-07T18:15:54.531Z] [worker-us-central1-api-2f829177-4535-4eab-8ef2-92d90b5a86dc]: exited {"metadata":{"emulator":{"name":"functions"},"message":"[worker-us-central1-api-2f829177-4535-4eab-8ef2-92d90b5a86dc]: exited"}}
[debug] [2021-09-07T18:15:54.531Z] [worker-us-central1-api-2f829177-4535-4eab-8ef2-92d90b5a86dc]: FINISHED {"metadata":{"emulator":{"name":"functions"},"message":"[worker-us-central1-api-2f829177-4535-4eab-8ef2-92d90b5a86dc]: FINISHED"}}
[debug] [2021-09-07T18:15:54.532Z] [work-queue] {"queueLength":0,"workRunningCount":0}
